<?xml version="1.0" encoding="UTF-8"?>
<testng-results total="1" passed="1" failed="0" skipped="0">
    <reporter-output>
    </reporter-output>
    <suite started-at="2022-02-23T17:47:06Z" name="Default suite" finished-at="2022-02-23T17:47:07Z" duration-ms="52">
        <groups>
        </groups>
        <test started-at="2022-02-23T17:47:06Z" name="Default test" finished-at="2022-02-23T17:47:07Z" duration-ms="52">
            <class name="com.java.pracice.interviewquestions.TechnicalProgram1">
                <test-method
                        signature="stringAsMap()[pri:0, instance:com.java.pracice.interviewquestions.TechnicalProgram1@52b1beb6]"
                        started-at="2022-02-23T23:17:07Z" name="stringAsMap" finished-at="2022-02-23T23:17:07Z"
                        duration-ms="21" status="PASS">
                    <reporter-output>
                    </reporter-output>
                </test-method> <!-- stringAsMap -->
            </class> <!-- com.java.pracice.interviewquestions.TechnicalProgram1 -->
        </test> <!-- Default test -->
    </suite> <!-- Default suite -->
</testng-results>
